<?xml version="1.0" encoding="UTF-8"?>
<!-- Generated by org.testng.reporters.JUnitXMLReporter -->
<testsuite ignored="0" hostname="SANJEEV" failures="0" tests="2" name="TestNG-Sanjeev" time="4.382" errors="0" timestamp="2022-03-04T15:35:28 IST">
  <testcase classname="Runner.Runner" name="executeFeature" time="0.442"/>
  <testcase classname="cucumber.api.testng.AbstractTestNGCucumberTests" name="feature" time="0.0">
    <skipped/>
  </testcase> <!-- feature -->
</testsuite> <!-- TestNG-Sanjeev -->
