<?xml version="1.0" encoding="UTF-8"?>
<testsuite xmlns:xsi="http://www.w3.org/2001/XMLSchema-instance" xsi:noNamespaceSchemaLocation="https://maven.apache.org/surefire/maven-surefire-plugin/xsd/surefire-test-report-3.0.xsd" version="3.0" name="TestSuite" time="41.942" tests="4" errors="0" skipped="2" failures="2">
  <properties>
[...]
</properties>
  <testcase name="executeFeature[Sample Feature](1)" classname="Runner.Runner" time="0.402">
    <failure message="java.lang.NullPointerException" type="cucumber.runtime.CucumberException"><![CDATA[cucumber.runtime.CucumberException: java.lang.NullPointerException
	at Runner.Runner.executeFeature(Runner.java:74)
Caused by: java.lang.NullPointerException
]]></failure>
    <system-out><![CDATA[########################################## BeforeClass
########################################## BeforeClass
########################################## DataProvider
########################################## DataProvider
Chrome Driver Invoked
Edge Driver Invoked
########################################## Test
Feature: Sample Feature
################## Before
Step 1
################## After

  @OddTests
  Scenario: Test 1                # Sample.feature:4
    Given this is test step one   # MyStepdefs.thisIsTestStepOne()
      java.lang.NullPointerException
      	at StepDefinitions.MyStepdefs.thisIsTestStepOne(MyStepdefs.java:31)
      	at ?.Given this is test step one(Sample.feature:5)

    Given this is test step two   # MyStepdefs.thisIsTestStepTwo()
    Given this is test step three # MyStepdefs.thisIsTestStepThree()
]]></system-out>
    <system-err><![CDATA[SLF4J: Failed to load class "org.slf4j.impl.StaticLoggerBinder".
SLF4J: Defaulting to no-operation (NOP) logger implementation
SLF4J: See http://www.slf4j.org/codes.html#StaticLoggerBinder for further details.
Starting MSEdgeDriver 98.0.1108.62 (86b4ba0c0a320a2c0c88adba983ad3b5ce15710f) on port 28259
Only local connections are allowed.
Please see https://chromedriver.chromium.org/security-considerations for suggestions on keeping MSEdgeDriver safe.
Starting ChromeDriver 98.0.4758.80 (7f0488e8ba0d8e019187c6325a16c29d9b7f4989-refs/branch-heads/4758@{#972}) on port 32910
Only local connections are allowed.
Please see https://chromedriver.chromium.org/security-considerations for suggestions on keeping ChromeDriver safe.
ChromeDriver was started successfully.
MSEdgeDriver was started successfully.
Mar 04, 2022 3:58:21 PM org.openqa.selenium.remote.ProtocolHandshake createSession
INFO: Detected dialect: W3C
Mar 04, 2022 3:58:22 PM org.openqa.selenium.remote.ProtocolHandshake createSession
INFO: Detected dialect: W3C
]]></system-err>
  </testcase>
  <testcase name="executeFeature[Sample Feature](1)" classname="Runner.Runner" time="0.015">
    <failure message="java.lang.NullPointerException" type="cucumber.runtime.CucumberException"><![CDATA[cucumber.runtime.CucumberException: java.lang.NullPointerException
	at Runner.Runner.executeFeature(Runner.java:74)
Caused by: java.lang.NullPointerException
]]></failure>
    <system-out><![CDATA[########################################## AfterClass

Failed scenarios:
Sample.feature:4 # Scenario: Test 1

1 Scenarios (1 failed)
3 Steps (1 failed, 2 skipped)
0m0.377s

java.lang.NullPointerException
	at StepDefinitions.MyStepdefs.thisIsTestStepOne(MyStepdefs.java:31)
	at ✽.Given this is test step one(Sample.feature:5)

########################################## Test
Feature: Sample Feature
################## Before
Step 1
################## After

  @OddTests
  Scenario: Test 1                # Sample.feature:4
    Given this is test step one   # MyStepdefs.thisIsTestStepOne()
      java.lang.NullPointerException
      	at StepDefinitions.MyStepdefs.thisIsTestStepOne(MyStepdefs.java:31)
      	at ?.Given this is test step one(Sample.feature:5)

    Given this is test step two   # MyStepdefs.thisIsTestStepTwo()
    Given this is test step three # MyStepdefs.thisIsTestStepThree()
]]></system-out>
  </testcase>
  <testcase name="feature" classname="Runner.Runner" time="0">
    <skipped message="java.lang.NullPointerException"/>
  </testcase>
  <testcase name="feature" classname="Runner.Runner" time="0">
    <skipped message="java.lang.NullPointerException"/>
  </testcase>
</testsuite>